Arguments: 
  C:\Program Files\nodejs\node.exe C:\Program Files (x86)\Yarn\bin\yarn.js add @adonis/cli -g

PATH: 
  C:\WINDOWS\system32;C:\WINDOWS;C:\WINDOWS\System32\Wbem;C:\WINDOWS\System32\WindowsPowerShell\v1.0\;C:\WINDOWS\System32\OpenSSH\;C:\Program Files (x86)\Brackets\command;C:\Program Files\nodejs\;C:\Program Files\Git\cmd;C:\Program Files\PuTTY\;C:\ProgramData\chocolatey\bin;C:\Program Files\postgresql\10\bin;C:\Program Files (x86)\Yarn\bin\;C:\Users\leoda\AppData\Local\Programs\Python\Python37-32\Scripts\;C:\Users\leoda\AppData\Local\Programs\Python\Python37-32\;C:\Users\leoda\AppData\Local\Microsoft\WindowsApps;C:\Users\leoda\AppData\Roaming\npm;C:\Users\leoda\AppData\Local\Programs\Microsoft VS Code\bin;C:\Program Files\heroku\bin;C:\Users\leoda\AppData\Local\Yarn\bin;C:\Users\leoda\AppData\roaming\Python\Python37\scripts;

Yarn version: 
  1.17.3

Node version: 
  10.15.0

Platform: 
  win32 x64

Trace: 
  Error: https://registry.yarnpkg.com/@adonis%2fcli: Not found
      at Request.params.callback [as _callback] (C:\Program Files (x86)\Yarn\lib\cli.js:65939:18)
      at Request.self.callback (C:\Program Files (x86)\Yarn\lib\cli.js:140464:22)
      at Request.emit (events.js:182:13)
      at Request.<anonymous> (C:\Program Files (x86)\Yarn\lib\cli.js:141436:10)
      at Request.emit (events.js:182:13)
      at IncomingMessage.<anonymous> (C:\Program Files (x86)\Yarn\lib\cli.js:141358:12)
      at Object.onceWrapper (events.js:273:13)
      at IncomingMessage.emit (events.js:187:15)
      at endReadableNT (_stream_readable.js:1094:12)
      at process._tickCallback (internal/process/next_tick.js:63:19)

npm manifest: 
  {
    "name": "adonis-api-app",
    "version": "4.1.0",
    "adonis-version": "4.1.0",
    "description": "Adonisjs boilerplate for API server with pre-configured JWT",
    "main": "index.js",
    "scripts": {
      "start": "ENV_SILENT=true node server.js",
      "test": "node ace test"
    },
    "keywords": [
      "adonisjs",
      "adonis-app"
    ],
    "author": "",
    "license": "UNLICENSED",
    "private": true,
    "dependencies": {
      "@adonisjs/ace": "^5.0.8",
      "@adonisjs/auth": "^3.0.7",
      "@adonisjs/bodyparser": "^2.0.5",
      "@adonisjs/cors": "^1.0.7",
      "@adonisjs/fold": "^4.0.9",
      "@adonisjs/framework": "^5.0.9",
      "@adonisjs/ignitor": "^2.0.8",
      "@adonisjs/lucid": "^6.1.3",
      "@adonisjs/mail": "^3.0.10",
      "pg": "^7.12.1"
    },
    "devDependencies": {},
    "autoload": {
      "App": "./app"
    }
  }

yarn manifest: 
  No manifest

Lockfile: 
  No lockfile
